Arguments: 
  C:\Program Files\nodejs\node.exe C:\Users\qci\AppData\Roaming\npm\node_modules\yarn\bin\yarn.js init

PATH: 
  C:\Users\qci\bin;C:\Program Files\Git\mingw64\bin;C:\Program Files\Git\usr\local\bin;C:\Program Files\Git\usr\bin;C:\Program Files\Git\usr\bin;C:\Program Files\Git\mingw64\bin;C:\Program Files\Git\usr\bin;C:\Users\qci\bin;C:\WINDOWS\system32;C:\WINDOWS;C:\WINDOWS\System32\Wbem;C:\WINDOWS\System32\WindowsPowerShell\v1.0;C:\Program Files (x86)\Microsoft SQL Server\Client SDK\ODBC\130\Tools\Binn;C:\Program Files (x86)\Microsoft SQL Server\140\Tools\Binn;C:\Program Files (x86)\Microsoft SQL Server\140\DTS\Binn;C:\Program Files (x86)\Microsoft SQL Server\140\Tools\Binn\ManagementStudio;C:\WINDOWS\system32\config\systemprofile\.dnx\bin;C:\Program Files\Microsoft DNX\Dnvm;C:\Program Files\Microsoft SQL Server\120\Tools\Binn;C:\Program Files\Microsoft SQL Server\130\Tools\Binn;C:\Program Files\dotnet;C:\Program Files (x86)\Microsoft SQL Server\110\DTS\Binn;C:\Program Files (x86)\Microsoft SQL Server\120\DTS\Binn;C:\Program Files (x86)\Microsoft SQL Server\130\DTS\Binn;C:\Program Files\nodejs;C:\Program Files\Git\cmd;C:\Users\qci\AppData\Local\Microsoft\WindowsApps;C:\Program Files\Microsoft VS Code\bin;C:\Users\qci\AppData\Roaming\npm;C:\Users\qci\AppData\Local\GitHubDesktop\bin;C:\Users\qci\AppData\Local\Programs\Fiddler;%USERPROFILE%\AppData\Local\Microsoft\WindowsApps;C:\Program Files\Git\usr\bin\vendor_perl;C:\Program Files\Git\usr\bin\core_perl

Yarn version: 
  1.3.2

Node version: 
  8.9.1

Platform: 
  win32 x64

npm manifest: 
  {
    "name": "ref-rate-calc",
    "version": "0.0.0",
    "license": "MIT",
    "scripts": {
      "ng": "ng",
      "start": "ng serve",
      "build": "ng build --prod",
      "lint": "ng lint",
      "e2e": "ng e2e",
      "test": "jest"
    },
    "private": true,
    "dependencies": {
      "@angular/animations": "^5.0.0",
      "@angular/common": "^5.0.0",
      "@angular/compiler": "^5.0.0",
      "@angular/core": "^5.0.0",
      "@angular/forms": "^5.0.0",
      "@angular/http": "^5.0.0",
      "@angular/platform-browser": "^5.0.0",
      "@angular/platform-browser-dynamic": "^5.0.0",
      "@angular/router": "^5.0.0",
      "core-js": "^2.4.1",
      "rxjs": "^5.5.2",
      "zone.js": "^0.8.14"
    },
    "devDependencies": {
      "@angular/cli": "1.6.3",
      "@angular/compiler-cli": "^5.0.0",
      "@angular/language-service": "^5.0.0",
      "@types/jasmine": "~2.5.53",
      "@types/jasminewd2": "~2.0.2",
      "@types/node": "~6.0.60",
      "babel-cli": "^6.26.0",
      "babel-preset-env": "^1.6.1",
      "chai": "^4.1.2",
      "codelyzer": "^4.0.1",
      "jasmine-core": "~2.6.2",
      "jasmine-spec-reporter": "~4.1.0",
      "jest": "^22.0.4",
      "karma": "~1.7.0",
      "karma-chrome-launcher": "~2.1.1",
      "karma-cli": "~1.0.1",
      "karma-coverage-istanbul-reporter": "^1.2.1",
      "karma-jasmine": "~1.1.0",
      "karma-jasmine-html-reporter": "^0.2.2",
      "protractor": "~5.1.2",
      "ts-jest": "^22.0.1",
      "ts-node": "~3.2.0",
      "tslint": "~5.7.0",
      "typescript": "~2.4.2"
    },
    "jest": {
      "transform": {
        "^.+\\.jsx?$": "<rootDir>/node_modules/babel-jest",
        "^.+\\.tsx?$": "ts-jest"
      },
      "testRegex": "(/__tests__/.*|(\\.|/)(test|spec))\\.(jsx?|tsx?)$",
      "moduleFileExtensions": [
        "ts",
        "tsx",
        "js",
        "jsx",
        "json",
        "node"
      ]
    }
  }

yarn manifest: 
  No manifest

Lockfile: 
  No lockfile

Trace: 
  Error: Can't answer a question unless a user TTY
      at ConsoleReporter.question (C:\Users\qci\AppData\Roaming\npm\node_modules\yarn\lib\cli.js:87314:59)
      at Object.<anonymous> (C:\Users\qci\AppData\Roaming\npm\node_modules\yarn\lib\cli.js:81822:38)
      at Generator.next (<anonymous>)
      at step (C:\Users\qci\AppData\Roaming\npm\node_modules\yarn\lib\cli.js:92:30)
      at C:\Users\qci\AppData\Roaming\npm\node_modules\yarn\lib\cli.js:103:13
      at <anonymous>
